<?xml version="1.0" encoding="UTF-8"?>
<!-- Generated by org.testng.reporters.JUnitReportReporter -->
<testsuite hostname="IE11Win7" name="com.ahabana.Main" tests="1" failures="0" timestamp="16 Mar 2016 17:38:11 GMT" time="37.833" errors="0">
  <testcase name="test" time="37.833" classname="com.ahabana.Main"/>
</testsuite> <!-- com.ahabana.Main -->
