<?xml version="1.0" encoding="UTF-8"?>
<!-- Generated by org.testng.reporters.JUnitReportReporter -->
<testsuite hostname="IE11Win7" name="com.ahabana.Main" tests="1" failures="0" timestamp="5 Apr 2016 18:25:15 GMT" time="41.986" errors="0">
  <testcase name="test" time="41.986" classname="com.ahabana.Main"/>
</testsuite> <!-- com.ahabana.Main -->
